make all --print-data-base --no-builtin-variables --no-builtin-rules --question
# GNU Make 4.3
# Built for x86_64-pc-linux-gnu
# Copyright (C) 1988-2020 Free Software Foundation, Inc.
# License GPLv3+: GNU GPL version 3 or later <http://gnu.org/licenses/gpl.html>
# This is free software: you are free to change and redistribute it.
# There is NO WARRANTY, to the extent permitted by law.

# Make data base, printed on Wed Jan  5 23:49:26 2022

# Variables

# environment
PROVIDE_FULLSTACK_ACTION = true
# environment
GDK_BACKEND = x11
# environment
LC_ALL = C
# environment
NO_AT_BRIDGE = 1
# environment
GTK_RC_FILES = /etc/gtk/gtkrc:/home/stvsl/.gtkrc:/home/stvsl/.config/gtkrc
# environment
UUID = 9c25dec7-7273-458d-9df3-c43763d028ee
# environment
VSCODE_IPC_HOOK_EXTHOST = /run/user/1000/vscode-ipc-6defc6bd-2794-424c-937b-48dfb2b43e59.sock
# environment
LC_NUMERIC = zh_CN.UTF-8
# environment
VSCODE_CWD = /home/stvsl/Documents/个人项目/计算机设计竞赛/软件项目
# default
MAKE_COMMAND := make
# environment
GTK3_MODULES = xapp-gtk3-module
# environment
THREE_SCALE_USER_TOKEN = 207c527cfc2a6b8dcf4fa43ad7a976da
# environment
GOPATH = /home/stvsl/go
# automatic
@D = $(patsubst %/,%,$(dir $@))
# environment
VSCODE_HANDLES_UNCAUGHT_ERRORS = true
# default
.VARIABLES := 
# environment
PWD = /home/stvsl/Documents/个人项目/计算机设计竞赛/软件项目/CSystemServer
# automatic
%D = $(patsubst %/,%,$(dir $%))
# environment
MAIL = /var/spool/mail/stvsl
# environment
XDG_DATA_DIRS = /home/stvsl/.local/share/flatpak/exports/share:/var/lib/flatpak/exports/share:/usr/local/share:/usr/share
# automatic
^D = $(patsubst %/,%,$(dir $^))
# environment
VSCODE_LOG_STACK = false
# automatic
%F = $(notdir $%)
# environment
VSCODE_CODE_CACHE_PATH = /home/stvsl/.config/Code/CachedData/899d46d82c4c95423fb7e10e68eba52050e30ba3
# environment
XDG_SESSION_PATH = /org/freedesktop/DisplayManager/Session1
# environment
LANG = C
# environment
XAUTHORITY = /home/stvsl/.Xauthority
# default
.LOADED := 
# default
.INCLUDE_DIRS = /usr/include /usr/local/include /usr/include
# makefile
MAKEFLAGS = pqrR
# makefile
CURDIR := /home/stvsl/Documents/个人项目/计算机设计竞赛/软件项目/CSystemServer
# environment
VSCODE_PIPE_LOGGING = true
# environment
UTM_SOURCE = vscode
# environment
APPLICATION_INSIGHTS_NO_DIAGNOSTIC_CHANNEL = true
# automatic
*D = $(patsubst %/,%,$(dir $*))
# environment
PAM_KWALLET5_LOGIN = /run/user/1000/kwallet5.socket
# environment
MFLAGS = -pqrR
# default
.SHELLFLAGS := -c
# environment
XDG_CONFIG_DIRS = /home/stvsl/.config/kdedefaults:/etc/xdg
# automatic
+D = $(patsubst %/,%,$(dir $+))
# environment
XCURSOR_THEME = WhiteSur-cursors
# environment
XDG_SESSION_DESKTOP = KDE
# environment
VSCODE_CRASH_REPORTER_START_OPTIONS = {"companyName":"Microsoft","productName":"VSCode","submitURL":"appcenter://code?aid=fba07a4d-84bd-4fc8-a125-9640fc8ce171&uid=1999bc70-ff6d-40f1-ae53-99355dd805dd&iid=1999bc70-ff6d-40f1-ae53-99355dd805dd&sid=1999bc70-ff6d-40f1-ae53-99355dd805dd","uploadToServer":true}
# makefile (from 'Makefile', line 1)
MAKEFILE_LIST := Makefile
# automatic
@F = $(notdir $@)
# environment
LC_COLLATE = zh_CN.UTF-8
# environment
VSCODE_VERBOSE_LOGGING = true
# environment
VSCODE_PID = 89212
# environment
XDG_SESSION_TYPE = x11
# automatic
?D = $(patsubst %/,%,$(dir $?))
# environment
INPUT_METHOD = fcitx5
# environment
SESSION_MANAGER = local/stvsl:@/tmp/.ICE-unix/1749,unix/stvsl:/tmp/.ICE-unix/1749
# automatic
*F = $(notdir $*)
# environment
CHROME_DESKTOP = code-url-handler.desktop
# environment
DBUS_SESSION_BUS_ADDRESS = unix:path=/run/user/1000/bus
# automatic
<D = $(patsubst %/,%,$(dir $<))
# environment
VSCODE_NLS_CONFIG = {"locale":"zh-cn","availableLanguages":{"*":"zh-cn"},"_languagePackId":"85dc8b33bfa057e31dfd84e9a10f67e1.zh-cn","_translationsConfigFile":"/home/stvsl/.config/Code/clp/85dc8b33bfa057e31dfd84e9a10f67e1.zh-cn/tcf.json","_cacheRoot":"/home/stvsl/.config/Code/clp/85dc8b33bfa057e31dfd84e9a10f67e1.zh-cn","_resolvedLanguagePackCoreLocation":"/home/stvsl/.config/Code/clp/85dc8b33bfa057e31dfd84e9a10f67e1.zh-cn/899d46d82c4c95423fb7e10e68eba52050e30ba3","_corruptedFile":"/home/stvsl/.config/Code/clp/85dc8b33bfa057e31dfd84e9a10f67e1.zh-cn/corrupted.info","_languagePackSupport":true}
# environment
BREAKPAD_DUMP_LOCATION = /home/stvsl/.config/Code/exthost Crash Reports
# default
MAKE_HOST := x86_64-pc-linux-gnu
# environment
SDL_IM_MODULE = fcitx
# makefile
SHELL = /bin/sh
# default
MAKECMDGOALS := all
# environment
XMODIFIERS = @im=fcitx5
# environment
SHLVL = 0
# environment
MAKELEVEL := 0
# default
MAKE = $(MAKE_COMMAND)
# environment
PATH = /home/stvsl/.cargo/bin:/usr/local/sbin:/usr/local/bin:/usr/bin:/opt/cxoffice/bin:/usr/lib/jvm/default/bin:/usr/bin/site_perl:/usr/bin/vendor_perl:/usr/bin/core_perl:/opt/cxoffice/bin:/usr/lib/jvm/default/bin
# default
MAKEFILES := 
# environment
LANGUAGE = 
# environment
LC_MONETARY = zh_CN.UTF-8
# environment
MOTD_SHOWN = pam
# automatic
^F = $(notdir $^)
# environment
LC_TIME = zh_CN.UTF-8
# environment
VSCODE_LOG_NATIVE = false
# environment
RECOMMENDER_API_URL = https://gw.api.openshift.io//api/v2
# automatic
?F = $(notdir $?)
# environment
KDE_APPLICATIONS_AS_SCOPE = 1
# environment
XDG_SEAT = seat0
# environment
GTK_IM_MODULE = fcitx5
# environment
XDG_CURRENT_DESKTOP = KDE
# automatic
+F = $(notdir $+)
# environment
XDG_SEAT_PATH = /org/freedesktop/DisplayManager/Seat0
# environment
DESKTOP_SESSION = plasma
# environment
ORIGINAL_XDG_CURRENT_DESKTOP = KDE
# 'override' directive
GNUMAKEFLAGS := 
# environment
QT_SCREEN_SCALE_FACTORS = DP-0=1;DP-1=1;eDP-1-1=1;HDMI-1-1=1;
# makefile (from 'Makefile', line 2)
BINARY_NAME = main.go 
# environment
LOGNAME = stvsl
# environment
XDG_VTNR = 1
# makefile
.DEFAULT_GOAL := all
# environment
SYSTEMD_EXEC_PID = 1624
# environment
DISPLAY = :0
# environment
GTK_MODULES = canberra-gtk-module
# environment
USER = stvsl
# default
MAKE_VERSION := 4.3
# environment
KDE_SESSION_UID = 1000
# environment
LC_MEASUREMENT = zh_CN.UTF-8
# environment
_ = /usr/bin/make
# environment
XDG_RUNTIME_DIR = /run/user/1000
# environment
GOMODCACHE = /home/stvsl/go/pkg/mod
# environment
GOLANG_EXECUTABLE = go
# environment
XDG_SESSION_CLASS = user
# environment
VSCODE_AMD_ENTRYPOINT = vs/workbench/services/extensions/node/extensionHostProcess
# environment
GTK2_RC_FILES = /etc/gtk-2.0/gtkrc:/home/stvsl/.gtkrc-2.0:/home/stvsl/.config/gtkrc-2.0
# environment
HOME = /home/stvsl
# environment
QT_IM_MODULE = fcitx5
# environment
ELECTRON_RUN_AS_NODE = 1
# environment
VSCODE_IPC_HOOK = /run/user/1000/vscode-3ae73393-1.63.2-main.sock
# environment
HG = /usr/bin/hg
# environment
XDG_SESSION_ID = 2
# environment
XCURSOR_SIZE = 30
# environment
GOPROXY = https://goproxy.cn,direct
# default
.RECIPEPREFIX := 
# automatic
<F = $(notdir $<)
# default
SUFFIXES := 
# environment
QT_AUTO_SCREEN_SCALE_FACTOR = 0
# environment
TELEMETRY_ID = a6c4f974-39b3-415b-833f-c0783aa35330
# environment
KDE_SESSION_VERSION = 5
# default
.FEATURES := target-specific order-only second-expansion else-if shortest-stem undefine oneshell nocomment grouped-target extra-prereqs archives jobserver output-sync check-symlink guile load
# environment
KDE_FULL_SESSION = true
# variable set hash-table stats:
# Load=120/1024=12%, Rehash=0, Collisions=8/154=5%

# Pattern-specific Variable Values

# No pattern-specific variable values.

# Directories

# . (device 66313, inode 534138): 7 files, no impossibilities.

# 7 files, no impossibilities in 1 directories.

# Implicit Rules

# No implicit rules.

# Files

build-windows:
#  Implicit rule search has not been done.
#  Modification time never checked.
#  File has not been updated.
#  recipe to execute (from 'Makefile', line 17):
	CGO_ENABLED=0 GOOS=windows GOARCH=amd64 go build $(BINARY_NAME)

# Not a target:
Makefile:
#  Implicit rule search has been done.
 
#  Last modified 2022-01-04 21:00:20.143375591
#  File has been updated.
#  Successfully updated.

build-mac:
#  Implicit rule search has not been done.
#  Modification time never checked.
#  File has not been updated.
#  recipe to execute (from 'Makefile', line 20):
	CGO_ENABLED=0 GOOS=darwin GOARCH=amd64 go build $(BINARY_NAME)

clean:
#  Implicit rule search has not been done.
#  Modification time never checked.
#  File has not been updated.
#  recipe to execute (from 'Makefile', line 10):
	rm -rf ./bin/*

# Not a target:
.DEFAULT:
#  Implicit rule search has not been done.
#  Modification time never checked.
#  File has not been updated.

all: run
#  Command line target.
#  Implicit rule search has been done.
#  File does not exist.
#  File has been updated.
#  Needs to be updated (-q is set).
# variable set hash-table stats:
# Load=0/32=0%, Rehash=0, Collisions=0/4=0%

run:
#  Implicit rule search has not been done.
#  Implicit/static pattern stem: ''
#  File does not exist.
#  File has been updated.
#  Needs to be updated (-q is set).
# automatic
# @ := run
# automatic
# * := 
# automatic
# < := 
# automatic
# + := 
# automatic
# % := 
# automatic
# ^ := 
# automatic
# ? := 
# automatic
# | := 
# variable set hash-table stats:
# Load=8/32=25%, Rehash=0, Collisions=4/12=33%
#  recipe to execute (from 'Makefile', line 13):
	go run $(BINARY_NAME)

build:
#  Implicit rule search has not been done.
#  Modification time never checked.
#  File has not been updated.
#  recipe to execute (from 'Makefile', line 7):
	go build $(BINARY_NAME)

# Not a target:
.SUFFIXES:
#  Implicit rule search has not been done.
#  Modification time never checked.
#  File has not been updated.

# files hash-table stats:
# Load=9/1024=1%, Rehash=0, Collisions=0/23=0%
# VPATH Search Paths

# No 'vpath' search paths.

# No general ('VPATH' variable) search path.

# strcache buffers: 1 (0) / strings = 17 / storage = 135 B / avg = 7 B
# current buf: size = 8162 B / used = 135 B / count = 17 / avg = 7 B

# strcache performance: lookups = 30 / hit rate = 43%
# hash-table stats:
# Load=17/8192=0%, Rehash=0, Collisions=0/30=0%
# Finished Make data base on Wed Jan  5 23:49:26 2022

 
